<?xml version="1.0" encoding="UTF-8" ?>
<testsuite failures="0" time="6.105" errors="0" skipped="0" tests="9" name="com.tenminutes.TimerIntegrationTest">
  <properties>
    <property name="java.runtime.name" value="Java(TM) SE Runtime Environment"/>
    <property name="sun.boot.library.path" value="D:\dev\app\jdk1.6.0_32\jre\bin"/>
    <property name="java.vm.version" value="20.7-b02"/>
    <property name="java.vm.vendor" value="Sun Microsystems Inc."/>
    <property name="java.vendor.url" value="http://java.sun.com/"/>
    <property name="path.separator" value=";"/>
    <property name="guice.disable.misplaced.annotation.check" value="true"/>
    <property name="java.vm.name" value="Java HotSpot(TM) 64-Bit Server VM"/>
    <property name="file.encoding.pkg" value="sun.io"/>
    <property name="user.country" value="US"/>
    <property name="sun.java.launcher" value="SUN_STANDARD"/>
    <property name="sun.os.patch.level" value="Service Pack 1"/>
    <property name="java.vm.specification.name" value="Java Virtual Machine Specification"/>
    <property name="user.dir" value="D:\dev\projects\lab\ten-minutes"/>
    <property name="java.runtime.version" value="1.6.0_32-b05"/>
    <property name="java.awt.graphicsenv" value="sun.awt.Win32GraphicsEnvironment"/>
    <property name="java.endorsed.dirs" value="D:\dev\app\jdk1.6.0_32\jre\lib\endorsed"/>
    <property name="os.arch" value="amd64"/>
    <property name="java.io.tmpdir" value="M:\temp\"/>
    <property name="line.separator" value="
"/>
    <property name="java.vm.specification.vendor" value="Sun Microsystems Inc."/>
    <property name="user.variant" value=""/>
    <property name="os.name" value="Windows 7"/>
    <property name="classworlds.conf" value="D:\dev\app\apache-maven-3.0.4\bin\..\bin\m2.conf"/>
    <property name="sun.jnu.encoding" value="Cp1252"/>
    <property name="java.library.path" value="D:\dev\app\jdk1.6.0_32\bin;C:\Windows\Sun\Java\bin;C:\Windows\system32;C:\Windows;C:\Windows\system32;C:\Windows;C:\Windows\System32\Wbem;C:\Windows\System32\WindowsPowerShell\v1.0\;D:\dev\app\jdk1.6.0_32\bin;D:\dev\app\apache-maven-3.0.4\bin;D:\dev\app\spring-roo-1.2.2.RELEASE\bin;."/>
    <property name="java.specification.name" value="Java Platform API Specification"/>
    <property name="java.class.version" value="50.0"/>
    <property name="sun.management.compiler" value="HotSpot 64-Bit Tiered Compilers"/>
    <property name="os.version" value="6.1"/>
    <property name="user.home" value="C:\Users\aaron"/>
    <property name="user.timezone" value="Asia/Shanghai"/>
    <property name="java.awt.printerjob" value="sun.awt.windows.WPrinterJob"/>
    <property name="file.encoding" value="Cp1252"/>
    <property name="java.specification.version" value="1.6"/>
    <property name="user.name" value="aaron"/>
    <property name="java.class.path" value="D:\dev\app\apache-maven-3.0.4\bin\..\boot\plexus-classworlds-2.4.jar"/>
    <property name="java.vm.specification.version" value="1.0"/>
    <property name="sun.arch.data.model" value="64"/>
    <property name="java.home" value="D:\dev\app\jdk1.6.0_32\jre"/>
    <property name="sun.java.command" value="org.codehaus.plexus.classworlds.launcher.Launcher package"/>
    <property name="java.specification.vendor" value="Sun Microsystems Inc."/>
    <property name="user.language" value="en"/>
    <property name="awt.toolkit" value="sun.awt.windows.WToolkit"/>
    <property name="java.vm.info" value="mixed mode"/>
    <property name="java.version" value="1.6.0_32"/>
    <property name="java.ext.dirs" value="D:\dev\app\jdk1.6.0_32\jre\lib\ext;C:\Windows\Sun\Java\lib\ext"/>
    <property name="sun.boot.class.path" value="D:\dev\app\jdk1.6.0_32\jre\lib\resources.jar;D:\dev\app\jdk1.6.0_32\jre\lib\rt.jar;D:\dev\app\jdk1.6.0_32\jre\lib\sunrsasign.jar;D:\dev\app\jdk1.6.0_32\jre\lib\jsse.jar;D:\dev\app\jdk1.6.0_32\jre\lib\jce.jar;D:\dev\app\jdk1.6.0_32\jre\lib\charsets.jar;D:\dev\app\jdk1.6.0_32\jre\lib\modules\jdk.boot.jar;D:\dev\app\jdk1.6.0_32\jre\classes"/>
    <property name="java.vendor" value="Sun Microsystems Inc."/>
    <property name="maven.home" value="D:\dev\app\apache-maven-3.0.4\bin\.."/>
    <property name="file.separator" value="\"/>
    <property name="java.vendor.url.bug" value="http://java.sun.com/cgi-bin/bugreport.cgi"/>
    <property name="sun.cpu.endian" value="little"/>
    <property name="sun.io.unicode.encoding" value="UnicodeLittle"/>
    <property name="sun.desktop" value="windows"/>
    <property name="sun.cpu.isalist" value="amd64"/>
  </properties>
  <testcase time="5.496" classname="com.tenminutes.TimerIntegrationTest" name="testMarkerMethod"/>
  <testcase time="0.416" classname="com.tenminutes.TimerIntegrationTest" name="testCountTimers"/>
  <testcase time="0.039" classname="com.tenminutes.TimerIntegrationTest" name="testFindTimer"/>
  <testcase time="0.016" classname="com.tenminutes.TimerIntegrationTest" name="testFindAllTimers"/>
  <testcase time="0.023" classname="com.tenminutes.TimerIntegrationTest" name="testFindTimerEntries"/>
  <testcase time="0.02" classname="com.tenminutes.TimerIntegrationTest" name="testFlush"/>
  <testcase time="0.026" classname="com.tenminutes.TimerIntegrationTest" name="testMergeUpdate"/>
  <testcase time="0.026" classname="com.tenminutes.TimerIntegrationTest" name="testPersist"/>
  <testcase time="0.043" classname="com.tenminutes.TimerIntegrationTest" name="testRemove"/>
</testsuite>